<?xml version="1.0" encoding="UTF-8"?>
<!-- Generated by org.testng.reporters.JUnitXMLReporter -->
<testsuite hostname="Anand" name="Default test" tests="5" failures="0" timestamp="22 May 2020 19:33:39 GMT" time="0.047" errors="0">
  <testcase name="googleTip" time="0.016" classname="TestNGSession.InvocationCountConcept"/>
  <testcase name="googleTip" time="0.0" classname="TestNGSession.InvocationCountConcept"/>
  <testcase name="googleTip" time="0.015" classname="TestNGSession.InvocationCountConcept"/>
  <testcase name="googleTip" time="0.0" classname="TestNGSession.InvocationCountConcept"/>
  <testcase name="googleTip" time="0.0" classname="TestNGSession.InvocationCountConcept"/>
</testsuite> <!-- Default test -->
